[debug] [2024-04-26T18:40:27.161Z] ----------------------------------------------------------------------
[debug] [2024-04-26T18:40:27.162Z] Command:       /usr/local/bin/node /usr/local/bin/firebase init
[debug] [2024-04-26T18:40:27.162Z] CLI Version:   13.3.0
[debug] [2024-04-26T18:40:27.163Z] Platform:      darwin
[debug] [2024-04-26T18:40:27.163Z] Node Version:  v18.10.0
[debug] [2024-04-26T18:40:27.195Z] Time:          Fri Apr 26 2024 11:40:27 GMT-0700 (Pacific Daylight Time)
[debug] [2024-04-26T18:40:27.195Z] ----------------------------------------------------------------------
[debug] 
[debug] [2024-04-26T18:40:27.196Z] >>> [apiv2][query] GET https://firebase-public.firebaseio.com/cli.json [none]
[debug] [2024-04-26T18:40:27.231Z] > command requires scopes: ["email","openid","https://www.googleapis.com/auth/cloudplatformprojects.readonly","https://www.googleapis.com/auth/firebase","https://www.googleapis.com/auth/cloud-platform"]
[debug] [2024-04-26T18:40:27.231Z] > authorizing via signed-in user (sujathamanoharan7@gmail.com)
[info] 
     ######## #### ########  ######## ########     ###     ######  ########
     ##        ##  ##     ## ##       ##     ##  ##   ##  ##       ##
     ######    ##  ########  ######   ########  #########  ######  ######
     ##        ##  ##    ##  ##       ##     ## ##     ##       ## ##
     ##       #### ##     ## ######## ########  ##     ##  ######  ########

You're about to initialize a Firebase project in this directory:

  /Users/balasubramaniyam/Desktop/Odin School/React Projects/e-commerce-project

[debug] [2024-04-26T18:40:27.496Z] <<< [apiv2][status] GET https://firebase-public.firebaseio.com/cli.json 200
[debug] [2024-04-26T18:40:27.496Z] <<< [apiv2][body] GET https://firebase-public.firebaseio.com/cli.json {"cloudBuildErrorAfter":1594252800000,"cloudBuildWarnAfter":1590019200000,"defaultNode10After":1594252800000,"minVersion":"3.0.5","node8DeploysDisabledAfter":1613390400000,"node8RuntimeDisabledAfter":1615809600000,"node8WarnAfter":1600128000000}
